{"/Users/renatoferreira/Library/Mobile Documents/com~apple~CloudDocs/00 - Renato Ferreira/Full Stack Developer/Bootcamp NodeJS/Módulo 4 - Tópicos Especiais/Codigos Aula/01.onGoing/01-calcula-valor/src/calcula-valor.js": {"path":"/Users/renatoferreira/Library/Mobile Documents/com~apple~CloudDocs/00 - Renato Ferreira/Full Stack Developer/Bootcamp NodeJS/Módulo 4 - Tópicos Especiais/Codigos Aula/01.onGoing/01-calcula-valor/src/calcula-valor.js","statementMap":{"0":{"start":{"line":2,"column":17},"end":{"line":2,"column":58}},"1":{"start":{"line":3,"column":2},"end":{"line":3,"column":33}},"2":{"start":{"line":4,"column":2},"end":{"line":4,"column":17}},"3":{"start":{"line":8,"column":19},"end":{"line":8,"column":22}},"4":{"start":{"line":9,"column":22},"end":{"line":9,"column":80}},"5":{"start":{"line":10,"column":2},"end":{"line":10,"column":20}},"6":{"start":{"line":14,"column":24},"end":{"line":14,"column":63}},"7":{"start":{"line":15,"column":20},"end":{"line":15,"column":63}},"8":{"start":{"line":17,"column":23},"end":{"line":17,"column":56}},"9":{"start":{"line":17,"column":50},"end":{"line":17,"column":55}},"10":{"start":{"line":18,"column":18},"end":{"line":18,"column":55}},"11":{"start":{"line":19,"column":16},"end":{"line":19,"column":38}},"12":{"start":{"line":21,"column":10},"end":{"line":21,"column":50}},"13":{"start":{"line":23,"column":2},"end":{"line":28,"column":3}},"14":{"start":{"line":24,"column":4},"end":{"line":24,"column":60}},"15":{"start":{"line":25,"column":4},"end":{"line":25,"column":54}},"16":{"start":{"line":25,"column":48},"end":{"line":25,"column":53}},"17":{"start":{"line":26,"column":4},"end":{"line":26,"column":53}},"18":{"start":{"line":27,"column":4},"end":{"line":27,"column":14}},"19":{"start":{"line":29,"column":2},"end":{"line":29,"column":18}},"20":{"start":{"line":32,"column":0},"end":{"line":36,"column":1}}},"fnMap":{"0":{"name":"calcularMontante","decl":{"start":{"line":1,"column":9},"end":{"line":1,"column":25}},"loc":{"start":{"line":1,"column":51},"end":{"line":5,"column":1}},"line":1},"1":{"name":"arredondar","decl":{"start":{"line":7,"column":9},"end":{"line":7,"column":19}},"loc":{"start":{"line":7,"column":28},"end":{"line":11,"column":1}},"line":7},"2":{"name":"calcularPrestacoes","decl":{"start":{"line":13,"column":9},"end":{"line":13,"column":27}},"loc":{"start":{"line":13,"column":57},"end":{"line":30,"column":1}},"line":13},"3":{"name":"(anonymous_3)","decl":{"start":{"line":17,"column":40},"end":{"line":17,"column":41}},"loc":{"start":{"line":17,"column":50},"end":{"line":17,"column":55}},"line":17},"4":{"name":"(anonymous_4)","decl":{"start":{"line":25,"column":38},"end":{"line":25,"column":39}},"loc":{"start":{"line":25,"column":48},"end":{"line":25,"column":53}},"line":25}},"branchMap":{"0":{"loc":{"start":{"line":19,"column":16},"end":{"line":19,"column":38}},"type":"cond-expr","locations":[{"start":{"line":19,"column":32},"end":{"line":19,"column":33}},{"start":{"line":19,"column":36},"end":{"line":19,"column":38}}],"line":19},"1":{"loc":{"start":{"line":21,"column":10},"end":{"line":21,"column":50}},"type":"cond-expr","locations":[{"start":{"line":21,"column":26},"end":{"line":21,"column":27}},{"start":{"line":21,"column":30},"end":{"line":21,"column":50}}],"line":21}},"s":{"0":2,"1":2,"2":2,"3":26,"4":26,"5":26,"6":5,"7":5,"8":5,"9":10,"10":5,"11":5,"12":5,"13":5,"14":4,"15":4,"16":14,"17":4,"18":4,"19":5,"20":1},"f":{"0":2,"1":26,"2":5,"3":10,"4":14},"b":{"0":[2,3],"1":[2,3]},"_coverageSchema":"1a1c01bbd47fc00a2c39e90264f33305004495a9","hash":"8cbee461c5c937f3dc519ee50ca8ed59d7a678bb"}
,"/Users/renatoferreira/Library/Mobile Documents/com~apple~CloudDocs/00 - Renato Ferreira/Full Stack Developer/Bootcamp NodeJS/Módulo 4 - Tópicos Especiais/Codigos Aula/01.onGoing/01-calcula-valor/test/extensoes.js": {"path":"/Users/renatoferreira/Library/Mobile Documents/com~apple~CloudDocs/00 - Renato Ferreira/Full Stack Developer/Bootcamp NodeJS/Módulo 4 - Tópicos Especiais/Codigos Aula/01.onGoing/01-calcula-valor/test/extensoes.js","statementMap":{"0":{"start":{"line":1,"column":21},"end":{"line":1,"column":55}},"1":{"start":{"line":2,"column":0},"end":{"line":28,"column":2}},"2":{"start":{"line":4,"column":21},"end":{"line":4,"column":75}},"3":{"start":{"line":4,"column":68},"end":{"line":4,"column":73}},"4":{"start":{"line":5,"column":19},"end":{"line":5,"column":61}},"5":{"start":{"line":7,"column":4},"end":{"line":10,"column":5}},"6":{"start":{"line":8,"column":21},"end":{"line":8,"column":65}},"7":{"start":{"line":14,"column":4},"end":{"line":22,"column":5}},"8":{"start":{"line":14,"column":17},"end":{"line":14,"column":18}},"9":{"start":{"line":15,"column":16},"end":{"line":15,"column":21}},"10":{"start":{"line":16,"column":6},"end":{"line":21,"column":7}},"11":{"start":{"line":17,"column":8},"end":{"line":20,"column":9}},"12":{"start":{"line":18,"column":25},"end":{"line":18,"column":66}},"13":{"start":{"line":23,"column":4},"end":{"line":26,"column":5}},"14":{"start":{"line":24,"column":21},"end":{"line":24,"column":62}}},"fnMap":{"0":{"name":"(anonymous_0)","decl":{"start":{"line":3,"column":2},"end":{"line":3,"column":3}},"loc":{"start":{"line":3,"column":40},"end":{"line":11,"column":3}},"line":3},"1":{"name":"(anonymous_1)","decl":{"start":{"line":4,"column":58},"end":{"line":4,"column":59}},"loc":{"start":{"line":4,"column":68},"end":{"line":4,"column":73}},"line":4},"2":{"name":"(anonymous_2)","decl":{"start":{"line":8,"column":15},"end":{"line":8,"column":16}},"loc":{"start":{"line":8,"column":21},"end":{"line":8,"column":65}},"line":8},"3":{"name":"(anonymous_3)","decl":{"start":{"line":13,"column":2},"end":{"line":13,"column":3}},"loc":{"start":{"line":13,"column":26},"end":{"line":27,"column":3}},"line":13},"4":{"name":"(anonymous_4)","decl":{"start":{"line":18,"column":19},"end":{"line":18,"column":20}},"loc":{"start":{"line":18,"column":25},"end":{"line":18,"column":66}},"line":18},"5":{"name":"(anonymous_5)","decl":{"start":{"line":24,"column":15},"end":{"line":24,"column":16}},"loc":{"start":{"line":24,"column":21},"end":{"line":24,"column":62}},"line":24}},"branchMap":{"0":{"loc":{"start":{"line":16,"column":6},"end":{"line":21,"column":7}},"type":"if","locations":[{"start":{"line":16,"column":6},"end":{"line":21,"column":7}},{"start":{},"end":{}}],"line":16}},"s":{"0":1,"1":1,"2":2,"3":4,"4":2,"5":2,"6":0,"7":2,"8":2,"9":4,"10":4,"11":0,"12":0,"13":2,"14":0},"f":{"0":2,"1":4,"2":0,"3":2,"4":0,"5":0},"b":{"0":[0,4]},"_coverageSchema":"1a1c01bbd47fc00a2c39e90264f33305004495a9","hash":"759b9acf600ad9e28e9697bc5f9fe21e1917ab6c"}
}
