TN:
SF:src/calcula-valor.js
FN:1,calcularMontante
FN:7,arredondar
FN:13,calcularPrestacoes
FN:17,(anonymous_3)
FN:25,(anonymous_4)
FNF:5
FNH:5
FNDA:2,calcularMontante
FNDA:26,arredondar
FNDA:5,calcularPrestacoes
FNDA:10,(anonymous_3)
FNDA:14,(anonymous_4)
DA:2,2
DA:3,2
DA:4,2
DA:8,26
DA:9,26
DA:10,26
DA:14,5
DA:15,5
DA:17,10
DA:18,5
DA:19,5
DA:21,5
DA:23,5
DA:24,4
DA:25,14
DA:26,4
DA:27,4
DA:29,5
DA:32,1
LF:19
LH:19
BRDA:19,0,0,2
BRDA:19,0,1,3
BRDA:21,1,0,2
BRDA:21,1,1,3
BRF:4
BRH:4
end_of_record
TN:
SF:test/extensoes.js
FN:3,(anonymous_0)
FN:4,(anonymous_1)
FN:8,(anonymous_2)
FN:13,(anonymous_3)
FN:18,(anonymous_4)
FN:24,(anonymous_5)
FNF:6
FNH:3
FNDA:2,(anonymous_0)
FNDA:4,(anonymous_1)
FNDA:0,(anonymous_2)
FNDA:2,(anonymous_3)
FNDA:0,(anonymous_4)
FNDA:0,(anonymous_5)
DA:1,1
DA:2,1
DA:4,4
DA:5,2
DA:7,2
DA:8,0
DA:14,2
DA:15,4
DA:16,4
DA:17,0
DA:18,0
DA:23,2
DA:24,0
LF:13
LH:9
BRDA:16,0,0,0
BRDA:16,0,1,4
BRF:2
BRH:1
end_of_record
